{"C:\\Users\\jun\\Desktop\\netology\\ajs_hw_amountTS\\src\\class\\cart.js": {"path":"C:\\Users\\jun\\Desktop\\netology\\ajs_hw_amountTS\\src\\class\\cart.js","statementMap":{"0":{"start":{"line":2,"column":0},"end":{"line":2,"column":62}},"1":{"start":{"line":5,"column":8},"end":{"line":5,"column":25}},"2":{"start":{"line":8,"column":8},"end":{"line":8,"column":31}},"3":{"start":{"line":11,"column":8},"end":{"line":11,"column":32}},"4":{"start":{"line":14,"column":8},"end":{"line":14,"column":74}},"5":{"start":{"line":14,"column":51},"end":{"line":14,"column":69}},"6":{"start":{"line":17,"column":8},"end":{"line":17,"column":95}},"7":{"start":{"line":17,"column":51},"end":{"line":17,"column":90}},"8":{"start":{"line":20,"column":23},"end":{"line":20,"column":47}},"9":{"start":{"line":20,"column":33},"end":{"line":20,"column":47}},"10":{"start":{"line":21,"column":26},"end":{"line":21,"column":55}},"11":{"start":{"line":22,"column":8},"end":{"line":22,"column":41}},"12":{"start":{"line":23,"column":8},"end":{"line":23,"column":52}},"13":{"start":{"line":26,"column":0},"end":{"line":26,"column":23}}},"fnMap":{"0":{"name":"(anonymous_0)","decl":{"start":{"line":4,"column":4},"end":{"line":4,"column":5}},"loc":{"start":{"line":4,"column":18},"end":{"line":6,"column":5}},"line":4},"1":{"name":"(anonymous_1)","decl":{"start":{"line":7,"column":4},"end":{"line":7,"column":5}},"loc":{"start":{"line":7,"column":14},"end":{"line":9,"column":5}},"line":7},"2":{"name":"(anonymous_2)","decl":{"start":{"line":10,"column":4},"end":{"line":10,"column":5}},"loc":{"start":{"line":10,"column":16},"end":{"line":12,"column":5}},"line":10},"3":{"name":"(anonymous_3)","decl":{"start":{"line":13,"column":4},"end":{"line":13,"column":5}},"loc":{"start":{"line":13,"column":31},"end":{"line":15,"column":5}},"line":13},"4":{"name":"(anonymous_4)","decl":{"start":{"line":14,"column":34},"end":{"line":14,"column":35}},"loc":{"start":{"line":14,"column":51},"end":{"line":14,"column":69}},"line":14},"5":{"name":"(anonymous_5)","decl":{"start":{"line":16,"column":4},"end":{"line":16,"column":5}},"loc":{"start":{"line":16,"column":36},"end":{"line":18,"column":5}},"line":16},"6":{"name":"(anonymous_6)","decl":{"start":{"line":17,"column":34},"end":{"line":17,"column":35}},"loc":{"start":{"line":17,"column":51},"end":{"line":17,"column":90}},"line":17},"7":{"name":"(anonymous_7)","decl":{"start":{"line":19,"column":4},"end":{"line":19,"column":5}},"loc":{"start":{"line":19,"column":19},"end":{"line":24,"column":5}},"line":19},"8":{"name":"(anonymous_8)","decl":{"start":{"line":20,"column":23},"end":{"line":20,"column":24}},"loc":{"start":{"line":20,"column":33},"end":{"line":20,"column":47}},"line":20}},"branchMap":{},"s":{"0":1,"1":5,"2":7,"3":2,"4":1,"5":2,"6":1,"7":2,"8":1,"9":2,"10":1,"11":1,"12":1,"13":1},"f":{"0":5,"1":7,"2":2,"3":1,"4":2,"5":1,"6":2,"7":1,"8":2},"b":{},"_coverageSchema":"1a1c01bbd47fc00a2c39e90264f33305004495a9","hash":"1151608ef9cb8b8660d669d547bbcc0fd992b900"}
}
