TN:
SF:src\buyable.js
FNF:0
FNH:0
DA:2,1
LF:1
LH:1
BRF:0
BRH:0
end_of_record
TN:
SF:src\class\cart.js
FN:4,(anonymous_0)
FN:7,(anonymous_1)
FN:10,(anonymous_2)
FN:13,(anonymous_3)
FN:14,(anonymous_4)
FN:16,(anonymous_5)
FN:17,(anonymous_6)
FN:19,(anonymous_7)
FN:20,(anonymous_8)
FNF:9
FNH:9
FNDA:10,(anonymous_0)
FNDA:14,(anonymous_1)
FNDA:4,(anonymous_2)
FNDA:2,(anonymous_3)
FNDA:4,(anonymous_4)
FNDA:2,(anonymous_5)
FNDA:4,(anonymous_6)
FNDA:2,(anonymous_7)
FNDA:4,(anonymous_8)
DA:2,2
DA:5,10
DA:8,14
DA:11,4
DA:14,4
DA:17,4
DA:20,4
DA:21,2
DA:22,2
DA:23,2
DA:26,2
LF:11
LH:11
BRF:0
BRH:0
end_of_record
